The system is: Windows - 10.0.22621 - AMD64
Compiling the C compiler identification source file "CMakeCCompilerId.c" succeeded.
Compiler: D:/program files/VS/VC/Tools/MSVC/14.35.32215/bin/Hostx64/x64/cl.exe 
Build flags: 
Id flags:  

The output was:
0
用于 x64 的 Microsoft (R) C/C++ 优化编译器 19.35.32217.1 版
版权所有(C) Microsoft Corporation。保留所有权利。

CMakeCCompilerId.c
Microsoft (R) Incremental Linker Version 14.35.32217.1
Copyright (C) Microsoft Corporation.  All rights reserved.

/out:CMakeCCompilerId.exe 
CMakeCCompilerId.obj 


Compilation of the C compiler identification source "CMakeCCompilerId.c" produced "CMakeCCompilerId.exe"

Compilation of the C compiler identification source "CMakeCCompilerId.c" produced "CMakeCCompilerId.obj"

The C compiler identification is MSVC, found in "D:/work/code/command/github/C&C++/demo1/out/build/x64-debug/CMakeFiles/3.25.1-msvc1/CompilerIdC/CMakeCCompilerId.exe"

Compiling the CXX compiler identification source file "CMakeCXXCompilerId.cpp" succeeded.
Compiler: D:/program files/VS/VC/Tools/MSVC/14.35.32215/bin/Hostx64/x64/cl.exe 
Build flags: 
Id flags:  

The output was:
0
用于 x64 的 Microsoft (R) C/C++ 优化编译器 19.35.32217.1 版
版权所有(C) Microsoft Corporation。保留所有权利。

CMakeCXXCompilerId.cpp
Microsoft (R) Incremental Linker Version 14.35.32217.1
Copyright (C) Microsoft Corporation.  All rights reserved.

/out:CMakeCXXCompilerId.exe 
CMakeCXXCompilerId.obj 


Compilation of the CXX compiler identification source "CMakeCXXCompilerId.cpp" produced "CMakeCXXCompilerId.exe"

Compilation of the CXX compiler identification source "CMakeCXXCompilerId.cpp" produced "CMakeCXXCompilerId.obj"

The CXX compiler identification is MSVC, found in "D:/work/code/command/github/C&C++/demo1/out/build/x64-debug/CMakeFiles/3.25.1-msvc1/CompilerIdCXX/CMakeCXXCompilerId.exe"

Detecting C compiler ABI info compiled with the following output:
Change Dir: D:/work/code/command/github/C&C++/demo1/out/build/x64-debug/CMakeFiles/CMakeScratch/TryCompile-4yfdsf

Run Build Command(s):D:/program files/VS/Common7/IDE/CommonExtensions/Microsoft/CMake/Ninja/ninja.exe cmTC_4824a && [1/2] Building C object CMakeFiles\cmTC_4824a.dir\CMakeCCompilerABI.c.obj
[2/2] Linking C executable cmTC_4824a.exe



Detecting CXX compiler ABI info compiled with the following output:
Change Dir: D:/work/code/command/github/C&C++/demo1/out/build/x64-debug/CMakeFiles/CMakeScratch/TryCompile-js8lfi

Run Build Command(s):D:/program files/VS/Common7/IDE/CommonExtensions/Microsoft/CMake/Ninja/ninja.exe cmTC_30092 && [1/2] Building CXX object CMakeFiles\cmTC_30092.dir\CMakeCXXCompilerABI.cpp.obj
[2/2] Linking CXX executable cmTC_30092.exe



